[2025-12-04T15:49:43.128783+00:00] lacosina.INFO: l'utilisateur admin s'est connecté [] []
[2025-12-04T15:51:17.494701+00:00] lacosina.INFO: l'utilisateur admin s'est déconnecté [] []
[2025-12-04T15:53:25.237154+00:00] lacosina.INFO: l'utilisateur robert s'est connecté [] []
[2025-12-04T15:53:36.427413+00:00] lacosina.INFO: l'utilisateur robert s'est déconnecté [] []
[2025-12-04T15:53:47.731970+00:00] lacosina.INFO: l'utilisateur admin s'est connecté [] []
[2025-12-04T15:53:55.646274+00:00] lacosina.INFO: l'utilisateur admin à modifié une recette [] []
[2025-12-04T15:54:36.175114+00:00] lacosina.INFO: l'utilisateur admin à ajouté une recette [] []
[2025-12-04T15:55:01.085911+00:00] lacosina.INFO: l'utilisateur admin à supprimé une recette [] []
[2025-12-05T16:35:50.821769+00:00] lacosina.INFO: l'utilisateur admin s'est connecté [] []
[2025-12-05T16:36:03.472141+00:00] lacosina.INFO: l'utilisateur admin à ajouté une recette [] []
[2025-12-05T16:36:09.430426+00:00] lacosina.INFO: l'utilisateur admin à ajouté une recette [] []
[2025-12-05T16:40:33.293692+00:00] lacosina.INFO: l'utilisateur admin à modifié une recette [] []
[2025-12-05T16:48:55.992087+00:00] lacosina.INFO: l'utilisateur admin s'est déconnecté [] []
[2025-12-05T16:49:32.309759+00:00] lacosina.INFO: l'utilisateur robert s'est connecté [] []
[2025-12-05T17:17:35.851137+00:00] lacosina.INFO: l'utilisateur robert à ajouté une recette [] []
[2025-12-05T17:27:03.235222+00:00] lacosina.INFO: l'utilisateur robert à ajouté une recette [] []
[2025-12-05T17:29:13.863208+00:00] lacosina.INFO: l'utilisateur robert à ajouté une recette [] []
[2025-12-05T17:29:45.788716+00:00] lacosina.INFO: l'utilisateur robert à ajouté une recette [] []
[2025-12-05T17:35:35.378455+00:00] lacosina.INFO: l'utilisateur robert à ajouté une recette [] []
[2025-12-05T17:35:47.453847+00:00] lacosina.INFO: l'utilisateur robert à ajouté une recette [] []
[2025-12-05T17:36:59.259056+00:00] lacosina.INFO: l'utilisateur robert s'est déconnecté [] []
[2025-12-05T17:37:11.022011+00:00] lacosina.INFO: l'utilisateur admin s'est connecté [] []
[2025-12-05T18:00:48.362788+00:00] lacosina.INFO: l'utilisateur admin s'est déconnecté [] []
[2025-12-05T18:00:57.720596+00:00] lacosina.INFO: l'utilisateur robert s'est connecté [] []
[2025-12-05T18:15:49.717376+00:00] lacosina.INFO: l'utilisateur robert s'est déconnecté [] []
[2025-12-05T18:16:22.345711+00:00] lacosina.INFO: l'utilisateur admin s'est connecté [] []
[2025-12-07T09:39:01.507364+00:00] lacosina.INFO: l'utilisateur admin s'est connecté [] []
[2025-12-07T10:17:19.098281+00:00] lacosina.INFO: l'administrateur admin à approuvé une recette [] []
[2025-12-07T10:27:25.066821+00:00] lacosina.INFO: l'utilisateur admin s'est déconnecté [] []
[2025-12-07T10:27:35.057764+00:00] lacosina.INFO: l'utilisateur robert s'est connecté [] []
[2025-12-07T10:27:42.441369+00:00] lacosina.INFO: l'utilisateur robert à ajouté une recette [] []
[2025-12-07T10:27:56.983339+00:00] lacosina.INFO: l'utilisateur robert s'est déconnecté [] []
[2025-12-07T10:28:05.727902+00:00] lacosina.INFO: l'utilisateur admin s'est connecté [] []
[2025-12-07T13:28:47.514846+00:00] lacosina.INFO: l'utilisateur robert s'est connecté [] []
[2025-12-07T14:03:38.327121+00:00] lacosina.INFO: l'utilisateur robert s'est déconnecté [] []
[2025-12-07T14:03:46.489583+00:00] lacosina.INFO: l'utilisateur admin s'est connecté [] []
[2025-12-07T15:07:59.219150+00:00] lacosina.INFO: l'administrateur admin à approuvé un commentaire [] []
[2025-12-07T15:11:28.334514+00:00] lacosina.INFO: l'administrateur admin à approuvé un commentaire [] []
[2025-12-07T15:35:05.679483+00:00] lacosina.INFO: l'utilisateur admin s'est déconnecté [] []
[2025-12-07T15:35:19.266606+00:00] lacosina.INFO: l'utilisateur robert s'est connecté [] []
[2025-12-07T15:42:20.109708+00:00] lacosina.INFO: l'utilisateur robert s'est déconnecté [] []
[2025-12-07T15:42:29.138994+00:00] lacosina.INFO: l'utilisateur admin s'est connecté [] []
[2025-12-07T15:46:19.868075+00:00] lacosina.INFO: l'utilisateur admin s'est connecté [] []
[2025-12-07T15:46:32.939096+00:00] lacosina.INFO: l'utilisateur admin s'est connecté [] []
[2025-12-09T15:08:17.144062+00:00] lacosina.INFO: l'utilisateur admin s'est connecté [] []
[2025-12-09T15:24:44.964543+00:00] lacosina.INFO: l'utilisateur admin à ajouté une recette [] []
[2025-12-10T07:45:03.804925+00:00] lacosina.INFO: l'utilisateur admin s'est connecté [] []
[2025-12-11T13:12:20.846983+00:00] lacosina.INFO: l'utilisateur admin s'est connecté [] []
